<?xml version="1.0" encoding="UTF-8"?>
<!-- Generated by org.testng.reporters.JUnitReportReporter -->
<testsuite hostname="DESKTOP-OR6VU5V" name="csvFileReading.CSVFileReading" tests="1" failures="0" timestamp="7 Aug 2020 20:07:21 GMT" time="35.286" errors="0">
  <testcase name="locatorsTestingBlog" time="35.286" classname="csvFileReading.CSVFileReading"/>
</testsuite> <!-- csvFileReading.CSVFileReading -->
